<?xml version="1.0" encoding="UTF-8"?>
<testsuite xmlns:xsi="http://www.w3.org/2001/XMLSchema-instance" xsi:noNamespaceSchemaLocation="https://maven.apache.org/surefire/maven-surefire-plugin/xsd/surefire-test-report-3.0.xsd" version="3.0" name="telran.time.DataTimeTest" time="0.056" tests="2" errors="1" skipped="0" failures="0">
  <properties>
[...]
</properties>
  <testcase name="nextFriday13Test" classname="telran.time.DataTimeTest" time="0.029"/>
  <testcase name="pastTemporalDateProximityTest" classname="telran.time.DataTimeTest" time="0.005">
    <error message="Invalid value for MonthOfYear (valid values 1 - 12): 20" type="java.time.DateTimeException"><![CDATA[java.time.DateTimeException: Invalid value for MonthOfYear (valid values 1 - 12): 20
	at java.base/java.time.temporal.ValueRange.checkValidValue(ValueRange.java:319)
	at java.base/java.time.temporal.ChronoField.checkValidValue(ChronoField.java:718)
	at java.base/java.time.LocalDate.of(LocalDate.java:273)
	at telran.time.DataTimeTest.pastTemporalDateProximityTest(DataTimeTest.java:28)
	at java.base/java.lang.reflect.Method.invoke(Method.java:580)
	at java.base/java.util.ArrayList.forEach(ArrayList.java:1597)
	at java.base/java.util.ArrayList.forEach(ArrayList.java:1597)
]]></error>
  </testcase>
</testsuite>